[2024-04-03 09:06:52:741][main] DEBUG o.s.w.c.s.GenericWebApplicationContext - Refreshing org.springframework.web.context.support.GenericWebApplicationContext@4d8539de
[2024-04-03 09:06:54:1917][main] DEBUG o.s.w.s.m.m.a.RequestMappingHandlerMapping - 38 mappings in 'requestMappingHandlerMapping'
[2024-04-03 09:06:54:1998][main] DEBUG o.s.w.s.h.SimpleUrlHandlerMapping - Patterns [/webjars/**, /**, /imgs/**, /logs/**] in 'resourceHandlerMapping'
[2024-04-03 09:06:54:2024][main] DEBUG o.s.w.s.m.m.a.RequestMappingHandlerAdapter - ControllerAdvice beans: 0 @ModelAttribute, 0 @InitBinder, 1 RequestBodyAdvice, 1 ResponseBodyAdvice
[2024-04-03 09:06:54:2052][main] DEBUG o.s.w.s.m.m.a.ExceptionHandlerExceptionResolver - ControllerAdvice beans: 0 @ExceptionHandler, 1 ResponseBodyAdvice
[2024-04-03 09:06:55:3256][SpringApplicationShutdownHook] DEBUG o.s.w.c.s.GenericWebApplicationContext - Closing org.springframework.web.context.support.GenericWebApplicationContext@4d8539de, started on Wed Apr 03 09:06:52 KST 2024
[2024-04-03 09:07:35:740][main] DEBUG o.s.w.c.s.GenericWebApplicationContext - Refreshing org.springframework.web.context.support.GenericWebApplicationContext@3eba57a7
[2024-04-03 09:07:36:1945][main] DEBUG o.s.w.s.m.m.a.RequestMappingHandlerMapping - 38 mappings in 'requestMappingHandlerMapping'
[2024-04-03 09:07:36:2016][main] DEBUG o.s.w.s.h.SimpleUrlHandlerMapping - Patterns [/webjars/**, /**, /imgs/**, /logs/**] in 'resourceHandlerMapping'
[2024-04-03 09:07:36:2047][main] DEBUG o.s.w.s.m.m.a.RequestMappingHandlerAdapter - ControllerAdvice beans: 0 @ModelAttribute, 0 @InitBinder, 1 RequestBodyAdvice, 1 ResponseBodyAdvice
[2024-04-03 09:07:36:2076][main] DEBUG o.s.w.s.m.m.a.ExceptionHandlerExceptionResolver - ControllerAdvice beans: 0 @ExceptionHandler, 1 ResponseBodyAdvice
[2024-04-03 09:07:37:3471][SpringApplicationShutdownHook] DEBUG o.s.w.c.s.GenericWebApplicationContext - Closing org.springframework.web.context.support.GenericWebApplicationContext@3eba57a7, started on Wed Apr 03 09:07:35 KST 2024
[2024-04-03 09:08:37:757][main] DEBUG o.s.w.c.s.GenericWebApplicationContext - Refreshing org.springframework.web.context.support.GenericWebApplicationContext@3eba57a7
[2024-04-03 09:08:38:1875][main] DEBUG o.s.w.s.m.m.a.RequestMappingHandlerMapping - 38 mappings in 'requestMappingHandlerMapping'
[2024-04-03 09:08:38:1942][main] DEBUG o.s.w.s.h.SimpleUrlHandlerMapping - Patterns [/webjars/**, /**, /imgs/**, /logs/**] in 'resourceHandlerMapping'
[2024-04-03 09:08:38:1968][main] DEBUG o.s.w.s.m.m.a.RequestMappingHandlerAdapter - ControllerAdvice beans: 0 @ModelAttribute, 0 @InitBinder, 1 RequestBodyAdvice, 1 ResponseBodyAdvice
[2024-04-03 09:08:38:1994][main] DEBUG o.s.w.s.m.m.a.ExceptionHandlerExceptionResolver - ControllerAdvice beans: 0 @ExceptionHandler, 1 ResponseBodyAdvice
[2024-04-03 09:08:39:3106][SpringApplicationShutdownHook] DEBUG o.s.w.c.s.GenericWebApplicationContext - Closing org.springframework.web.context.support.GenericWebApplicationContext@3eba57a7, started on Wed Apr 03 09:08:37 KST 2024
[2024-04-03 09:09:19:807][main] DEBUG o.s.w.c.s.GenericWebApplicationContext - Refreshing org.springframework.web.context.support.GenericWebApplicationContext@3eba57a7
[2024-04-03 09:09:20:1924][main] DEBUG o.s.w.s.m.m.a.RequestMappingHandlerMapping - 38 mappings in 'requestMappingHandlerMapping'
[2024-04-03 09:09:20:2001][main] DEBUG o.s.w.s.h.SimpleUrlHandlerMapping - Patterns [/webjars/**, /**, /imgs/**, /logs/**] in 'resourceHandlerMapping'
[2024-04-03 09:09:20:2029][main] DEBUG o.s.w.s.m.m.a.RequestMappingHandlerAdapter - ControllerAdvice beans: 0 @ModelAttribute, 0 @InitBinder, 1 RequestBodyAdvice, 1 ResponseBodyAdvice
[2024-04-03 09:09:20:2062][main] DEBUG o.s.w.s.m.m.a.ExceptionHandlerExceptionResolver - ControllerAdvice beans: 0 @ExceptionHandler, 1 ResponseBodyAdvice
[2024-04-03 09:09:21:3119][SpringApplicationShutdownHook] DEBUG o.s.w.c.s.GenericWebApplicationContext - Closing org.springframework.web.context.support.GenericWebApplicationContext@3eba57a7, started on Wed Apr 03 09:09:19 KST 2024
[2024-04-03 09:14:53:771][main] DEBUG o.s.w.c.s.GenericWebApplicationContext - Refreshing org.springframework.web.context.support.GenericWebApplicationContext@272a179c
[2024-04-03 09:14:54:2061][main] DEBUG o.s.w.s.m.m.a.RequestMappingHandlerMapping - 38 mappings in 'requestMappingHandlerMapping'
[2024-04-03 09:14:54:2141][main] DEBUG o.s.w.s.h.SimpleUrlHandlerMapping - Patterns [/webjars/**, /**, /imgs/**, /logs/**] in 'resourceHandlerMapping'
[2024-04-03 09:14:54:2167][main] DEBUG o.s.w.s.m.m.a.RequestMappingHandlerAdapter - ControllerAdvice beans: 0 @ModelAttribute, 0 @InitBinder, 1 RequestBodyAdvice, 1 ResponseBodyAdvice
[2024-04-03 09:14:54:2193][main] DEBUG o.s.w.s.m.m.a.ExceptionHandlerExceptionResolver - ControllerAdvice beans: 0 @ExceptionHandler, 1 ResponseBodyAdvice
[2024-04-03 09:14:55:3297][SpringApplicationShutdownHook] DEBUG o.s.w.c.s.GenericWebApplicationContext - Closing org.springframework.web.context.support.GenericWebApplicationContext@272a179c, started on Wed Apr 03 09:14:53 KST 2024
[2024-04-03 09:32:23:721][main] DEBUG o.s.w.c.s.GenericWebApplicationContext - Refreshing org.springframework.web.context.support.GenericWebApplicationContext@272a179c
[2024-04-03 09:32:24:1853][main] DEBUG o.s.w.s.m.m.a.RequestMappingHandlerMapping - 38 mappings in 'requestMappingHandlerMapping'
[2024-04-03 09:32:24:1921][main] DEBUG o.s.w.s.h.SimpleUrlHandlerMapping - Patterns [/webjars/**, /**, /imgs/**, /logs/**] in 'resourceHandlerMapping'
[2024-04-03 09:32:24:1948][main] DEBUG o.s.w.s.m.m.a.RequestMappingHandlerAdapter - ControllerAdvice beans: 0 @ModelAttribute, 0 @InitBinder, 1 RequestBodyAdvice, 1 ResponseBodyAdvice
[2024-04-03 09:32:24:1981][main] DEBUG o.s.w.s.m.m.a.ExceptionHandlerExceptionResolver - ControllerAdvice beans: 0 @ExceptionHandler, 1 ResponseBodyAdvice
[2024-04-03 09:32:25:3133][SpringApplicationShutdownHook] DEBUG o.s.w.c.s.GenericWebApplicationContext - Closing org.springframework.web.context.support.GenericWebApplicationContext@272a179c, started on Wed Apr 03 09:32:23 KST 2024
[2024-04-03 09:33:05:731][main] DEBUG o.s.w.c.s.GenericWebApplicationContext - Refreshing org.springframework.web.context.support.GenericWebApplicationContext@272a179c
[2024-04-03 09:33:07:1988][main] DEBUG o.s.w.s.m.m.a.RequestMappingHandlerMapping - 38 mappings in 'requestMappingHandlerMapping'
[2024-04-03 09:33:07:2051][main] DEBUG o.s.w.s.h.SimpleUrlHandlerMapping - Patterns [/webjars/**, /**, /imgs/**, /logs/**] in 'resourceHandlerMapping'
[2024-04-03 09:33:07:2074][main] DEBUG o.s.w.s.m.m.a.RequestMappingHandlerAdapter - ControllerAdvice beans: 0 @ModelAttribute, 0 @InitBinder, 1 RequestBodyAdvice, 1 ResponseBodyAdvice
[2024-04-03 09:33:07:2100][main] DEBUG o.s.w.s.m.m.a.ExceptionHandlerExceptionResolver - ControllerAdvice beans: 0 @ExceptionHandler, 1 ResponseBodyAdvice
[2024-04-03 09:33:08:3226][SpringApplicationShutdownHook] DEBUG o.s.w.c.s.GenericWebApplicationContext - Closing org.springframework.web.context.support.GenericWebApplicationContext@272a179c, started on Wed Apr 03 09:33:05 KST 2024
[2024-04-03 09:35:13:777][main] DEBUG o.s.w.c.s.GenericWebApplicationContext - Refreshing org.springframework.web.context.support.GenericWebApplicationContext@272a179c
[2024-04-03 09:35:15:1938][main] DEBUG o.s.w.s.m.m.a.RequestMappingHandlerMapping - 38 mappings in 'requestMappingHandlerMapping'
[2024-04-03 09:35:15:2018][main] DEBUG o.s.w.s.h.SimpleUrlHandlerMapping - Patterns [/webjars/**, /**, /imgs/**, /logs/**] in 'resourceHandlerMapping'
[2024-04-03 09:35:15:2048][main] DEBUG o.s.w.s.m.m.a.RequestMappingHandlerAdapter - ControllerAdvice beans: 0 @ModelAttribute, 0 @InitBinder, 1 RequestBodyAdvice, 1 ResponseBodyAdvice
[2024-04-03 09:35:15:2073][main] DEBUG o.s.w.s.m.m.a.ExceptionHandlerExceptionResolver - ControllerAdvice beans: 0 @ExceptionHandler, 1 ResponseBodyAdvice
[2024-04-03 09:35:16:3217][SpringApplicationShutdownHook] DEBUG o.s.w.c.s.GenericWebApplicationContext - Closing org.springframework.web.context.support.GenericWebApplicationContext@272a179c, started on Wed Apr 03 09:35:13 KST 2024
[2024-04-03 09:35:20:751][main] DEBUG o.s.w.c.s.GenericWebApplicationContext - Refreshing org.springframework.web.context.support.GenericWebApplicationContext@272a179c
[2024-04-03 09:35:21:1873][main] DEBUG o.s.w.s.m.m.a.RequestMappingHandlerMapping - 38 mappings in 'requestMappingHandlerMapping'
[2024-04-03 09:35:21:1938][main] DEBUG o.s.w.s.h.SimpleUrlHandlerMapping - Patterns [/webjars/**, /**, /imgs/**, /logs/**] in 'resourceHandlerMapping'
[2024-04-03 09:35:21:1963][main] DEBUG o.s.w.s.m.m.a.RequestMappingHandlerAdapter - ControllerAdvice beans: 0 @ModelAttribute, 0 @InitBinder, 1 RequestBodyAdvice, 1 ResponseBodyAdvice
[2024-04-03 09:35:21:1993][main] DEBUG o.s.w.s.m.m.a.ExceptionHandlerExceptionResolver - ControllerAdvice beans: 0 @ExceptionHandler, 1 ResponseBodyAdvice
[2024-04-03 09:35:22:3020][SpringApplicationShutdownHook] DEBUG o.s.w.c.s.GenericWebApplicationContext - Closing org.springframework.web.context.support.GenericWebApplicationContext@272a179c, started on Wed Apr 03 09:35:20 KST 2024
[2024-04-03 09:38:22:764][main] DEBUG o.s.w.c.s.GenericWebApplicationContext - Refreshing org.springframework.web.context.support.GenericWebApplicationContext@272a179c
[2024-04-03 09:38:23:1864][main] DEBUG o.s.w.s.m.m.a.RequestMappingHandlerMapping - 38 mappings in 'requestMappingHandlerMapping'
[2024-04-03 09:38:23:1932][main] DEBUG o.s.w.s.h.SimpleUrlHandlerMapping - Patterns [/webjars/**, /**, /imgs/**, /logs/**] in 'resourceHandlerMapping'
[2024-04-03 09:38:23:1957][main] DEBUG o.s.w.s.m.m.a.RequestMappingHandlerAdapter - ControllerAdvice beans: 0 @ModelAttribute, 0 @InitBinder, 1 RequestBodyAdvice, 1 ResponseBodyAdvice
[2024-04-03 09:38:23:1983][main] DEBUG o.s.w.s.m.m.a.ExceptionHandlerExceptionResolver - ControllerAdvice beans: 0 @ExceptionHandler, 1 ResponseBodyAdvice
[2024-04-03 09:38:24:3025][SpringApplicationShutdownHook] DEBUG o.s.w.c.s.GenericWebApplicationContext - Closing org.springframework.web.context.support.GenericWebApplicationContext@272a179c, started on Wed Apr 03 09:38:22 KST 2024
[2024-04-03 09:52:12:704][main] DEBUG o.s.w.c.s.GenericWebApplicationContext - Refreshing org.springframework.web.context.support.GenericWebApplicationContext@272a179c
[2024-04-03 09:52:13:1796][main] DEBUG o.s.w.s.m.m.a.RequestMappingHandlerMapping - 38 mappings in 'requestMappingHandlerMapping'
[2024-04-03 09:52:13:1870][main] DEBUG o.s.w.s.h.SimpleUrlHandlerMapping - Patterns [/webjars/**, /**, /imgs/**, /logs/**] in 'resourceHandlerMapping'
[2024-04-03 09:52:13:1898][main] DEBUG o.s.w.s.m.m.a.RequestMappingHandlerAdapter - ControllerAdvice beans: 0 @ModelAttribute, 0 @InitBinder, 1 RequestBodyAdvice, 1 ResponseBodyAdvice
[2024-04-03 09:52:13:1925][main] DEBUG o.s.w.s.m.m.a.ExceptionHandlerExceptionResolver - ControllerAdvice beans: 0 @ExceptionHandler, 1 ResponseBodyAdvice
[2024-04-03 09:52:14:2961][SpringApplicationShutdownHook] DEBUG o.s.w.c.s.GenericWebApplicationContext - Closing org.springframework.web.context.support.GenericWebApplicationContext@272a179c, started on Wed Apr 03 09:52:12 KST 2024
[2024-04-03 09:52:47:1896][restartedMain] DEBUG o.s.w.s.m.m.a.RequestMappingHandlerMapping - 38 mappings in 'requestMappingHandlerMapping'
[2024-04-03 09:52:47:1968][restartedMain] DEBUG o.s.w.s.h.SimpleUrlHandlerMapping - Patterns [/webjars/**, /**, /imgs/**, /logs/**] in 'resourceHandlerMapping'
[2024-04-03 09:52:47:1997][restartedMain] DEBUG o.s.w.s.m.m.a.RequestMappingHandlerAdapter - ControllerAdvice beans: 0 @ModelAttribute, 0 @InitBinder, 1 RequestBodyAdvice, 1 ResponseBodyAdvice
[2024-04-03 09:52:47:2033][restartedMain] DEBUG o.s.w.s.m.m.a.ExceptionHandlerExceptionResolver - ControllerAdvice beans: 0 @ExceptionHandler, 1 ResponseBodyAdvice
[2024-04-03 09:52:47:2217][http-nio-80-exec-1] INFO  o.s.web.servlet.DispatcherServlet - Initializing Servlet 'dispatcherServlet'
[2024-04-03 09:52:47:2218][http-nio-80-exec-1] DEBUG o.s.web.servlet.DispatcherServlet - Detected StandardServletMultipartResolver
[2024-04-03 09:52:47:2218][http-nio-80-exec-1] DEBUG o.s.web.servlet.DispatcherServlet - Detected AcceptHeaderLocaleResolver
[2024-04-03 09:52:47:2218][http-nio-80-exec-1] DEBUG o.s.web.servlet.DispatcherServlet - Detected FixedThemeResolver
[2024-04-03 09:52:47:2218][http-nio-80-exec-1] DEBUG o.s.web.servlet.DispatcherServlet - Detected org.springframework.web.servlet.view.DefaultRequestToViewNameTranslator@7cc6397c
[2024-04-03 09:52:47:2218][http-nio-80-exec-1] DEBUG o.s.web.servlet.DispatcherServlet - Detected org.springframework.web.servlet.support.SessionFlashMapManager@20f78c93
[2024-04-03 09:52:47:2219][http-nio-80-exec-1] DEBUG o.s.web.servlet.DispatcherServlet - enableLoggingRequestDetails='false': request parameters and headers will be masked to prevent unsafe logging of potentially sensitive data
[2024-04-03 09:52:47:2219][http-nio-80-exec-1] INFO  o.s.web.servlet.DispatcherServlet - Completed initialization in 1 ms
[2024-04-03 09:52:47:2224][http-nio-80-exec-1] DEBUG o.s.web.servlet.DispatcherServlet - GET "/", parameters={}
[2024-04-03 09:52:47:2232][http-nio-80-exec-1] DEBUG o.s.w.s.m.m.a.RequestMappingHandlerMapping - Mapped to com.hana.controller.MainController#main()
[2024-04-03 09:52:47:2246][http-nio-80-exec-1] DEBUG o.s.w.s.v.ContentNegotiatingViewResolver - Selected 'text/html' given [text/html, application/xhtml+xml, image/avif, image/webp, image/apng, application/xml;q=0.9, */*;q=0.8, application/signed-exchange;v=b3;q=0.7]
[2024-04-03 09:52:47:2246][http-nio-80-exec-1] DEBUG o.s.web.servlet.view.JstlView - View name 'index', model {}
[2024-04-03 09:52:47:2249][http-nio-80-exec-1] DEBUG o.s.web.servlet.view.JstlView - Forwarding to [/views/index.jsp]
[2024-04-03 09:52:48:2931][http-nio-80-exec-1] DEBUG o.s.web.servlet.DispatcherServlet - Completed 200 OK
[2024-04-03 09:52:48:2950][http-nio-80-exec-2] DEBUG o.s.web.servlet.DispatcherServlet - GET "/js/0327.js", parameters={}
[2024-04-03 09:52:48:2954][http-nio-80-exec-2] DEBUG o.s.w.s.h.SimpleUrlHandlerMapping - Mapped to ResourceHttpRequestHandler [classpath [META-INF/resources/], classpath [resources/], classpath [static/], classpath [public/], ServletContext [/]]
[2024-04-03 09:52:48:2962][http-nio-80-exec-2] DEBUG o.s.web.servlet.DispatcherServlet - Completed 200 OK
[2024-04-03 09:53:18:33238][http-nio-80-exec-3] DEBUG o.s.web.servlet.DispatcherServlet - GET "/register", parameters={}
[2024-04-03 09:53:18:33239][http-nio-80-exec-3] DEBUG o.s.w.s.m.m.a.RequestMappingHandlerMapping - Mapped to com.hana.controller.MainController#register(Model)
[2024-04-03 09:53:18:33243][http-nio-80-exec-3] DEBUG o.s.w.s.v.ContentNegotiatingViewResolver - Selected 'text/html' given [text/html, application/xhtml+xml, image/avif, image/webp, image/apng, application/xml;q=0.9, */*;q=0.8, application/signed-exchange;v=b3;q=0.7]
[2024-04-03 09:53:18:33243][http-nio-80-exec-3] DEBUG o.s.web.servlet.view.JstlView - View name 'index', model {center=register}
[2024-04-03 09:53:18:33244][http-nio-80-exec-3] DEBUG o.s.web.servlet.view.JstlView - Forwarding to [/views/index.jsp]
[2024-04-03 09:53:18:33310][http-nio-80-exec-3] DEBUG o.s.web.servlet.DispatcherServlet - Completed 200 OK
[2024-04-03 09:53:18:33323][http-nio-80-exec-4] DEBUG o.s.web.servlet.DispatcherServlet - GET "/js/0327.js", parameters={}
[2024-04-03 09:53:18:33324][http-nio-80-exec-4] DEBUG o.s.w.s.h.SimpleUrlHandlerMapping - Mapped to ResourceHttpRequestHandler [classpath [META-INF/resources/], classpath [resources/], classpath [static/], classpath [public/], ServletContext [/]]
[2024-04-03 09:53:18:33325][http-nio-80-exec-4] DEBUG o.s.web.servlet.DispatcherServlet - Completed 200 OK
[2024-04-03 09:53:35:50158][http-nio-80-exec-8] DEBUG o.s.web.servlet.DispatcherServlet - POST "/registerimpl", parameters={masked}
[2024-04-03 09:53:35:50158][http-nio-80-exec-8] DEBUG o.s.w.s.m.m.a.RequestMappingHandlerMapping - Mapped to com.hana.controller.MainController#registerimpl(Model, CustDto, HttpSession)
[2024-04-03 09:53:35:50178][http-nio-80-exec-8] DEBUG o.s.w.s.v.ContentNegotiatingViewResolver - Selected 'text/html' given [text/html, application/xhtml+xml, image/avif, image/webp, image/apng, application/xml;q=0.9, */*;q=0.8, application/signed-exchange;v=b3;q=0.7]
[2024-04-03 09:53:35:50178][http-nio-80-exec-8] DEBUG o.s.web.servlet.view.JstlView - View name 'index', model {custDto=CustDto(id=ww, pwd=ww, name=ww), org.springframework.validation.BindingResult.custDto=org.springframework.validation.BeanPropertyBindingResult: 0 errors}
[2024-04-03 09:53:35:50178][http-nio-80-exec-8] DEBUG o.s.web.servlet.view.JstlView - Forwarding to [/views/index.jsp]
[2024-04-03 09:53:35:50178][http-nio-80-exec-8] DEBUG o.s.web.servlet.DispatcherServlet - Completed 200 OK
[2024-04-03 09:53:35:50207][http-nio-80-exec-9] DEBUG o.s.web.servlet.DispatcherServlet - GET "/js/0327.js", parameters={}
[2024-04-03 09:53:35:50208][http-nio-80-exec-9] DEBUG o.s.w.s.h.SimpleUrlHandlerMapping - Mapped to ResourceHttpRequestHandler [classpath [META-INF/resources/], classpath [resources/], classpath [static/], classpath [public/], ServletContext [/]]
[2024-04-03 09:53:35:50210][http-nio-80-exec-9] DEBUG o.s.web.servlet.DispatcherServlet - Completed 200 OK
[2024-04-03 09:56:59:254604][restartedMain] DEBUG o.s.w.s.m.m.a.RequestMappingHandlerMapping - 38 mappings in 'requestMappingHandlerMapping'
[2024-04-03 09:56:59:254663][restartedMain] DEBUG o.s.w.s.h.SimpleUrlHandlerMapping - Patterns [/webjars/**, /**, /imgs/**, /logs/**] in 'resourceHandlerMapping'
[2024-04-03 09:56:59:254674][restartedMain] DEBUG o.s.w.s.m.m.a.RequestMappingHandlerAdapter - ControllerAdvice beans: 0 @ModelAttribute, 0 @InitBinder, 1 RequestBodyAdvice, 1 ResponseBodyAdvice
[2024-04-03 09:56:59:254684][restartedMain] DEBUG o.s.w.s.m.m.a.ExceptionHandlerExceptionResolver - ControllerAdvice beans: 0 @ExceptionHandler, 1 ResponseBodyAdvice
[2024-04-03 09:57:01:256521][restartedMain] DEBUG o.s.w.s.m.m.a.RequestMappingHandlerMapping - 38 mappings in 'requestMappingHandlerMapping'
[2024-04-03 09:57:01:256535][restartedMain] DEBUG o.s.w.s.h.SimpleUrlHandlerMapping - Patterns [/webjars/**, /**, /imgs/**, /logs/**] in 'resourceHandlerMapping'
[2024-04-03 09:57:01:256539][restartedMain] DEBUG o.s.w.s.m.m.a.RequestMappingHandlerAdapter - ControllerAdvice beans: 0 @ModelAttribute, 0 @InitBinder, 1 RequestBodyAdvice, 1 ResponseBodyAdvice
[2024-04-03 09:57:01:256541][restartedMain] DEBUG o.s.w.s.m.m.a.ExceptionHandlerExceptionResolver - ControllerAdvice beans: 0 @ExceptionHandler, 1 ResponseBodyAdvice
[2024-04-03 10:07:59:914530][restartedMain] DEBUG o.s.w.s.m.m.a.RequestMappingHandlerMapping - 38 mappings in 'requestMappingHandlerMapping'
[2024-04-03 10:07:59:914550][restartedMain] DEBUG o.s.w.s.h.SimpleUrlHandlerMapping - Patterns [/webjars/**, /**, /imgs/**, /logs/**] in 'resourceHandlerMapping'
[2024-04-03 10:07:59:914554][restartedMain] DEBUG o.s.w.s.m.m.a.RequestMappingHandlerAdapter - ControllerAdvice beans: 0 @ModelAttribute, 0 @InitBinder, 1 RequestBodyAdvice, 1 ResponseBodyAdvice
[2024-04-03 10:07:59:914559][restartedMain] DEBUG o.s.w.s.m.m.a.ExceptionHandlerExceptionResolver - ControllerAdvice beans: 0 @ExceptionHandler, 1 ResponseBodyAdvice
[2024-04-03 10:08:01:916270][restartedMain] DEBUG o.s.w.s.m.m.a.RequestMappingHandlerMapping - 38 mappings in 'requestMappingHandlerMapping'
[2024-04-03 10:08:01:916282][restartedMain] DEBUG o.s.w.s.h.SimpleUrlHandlerMapping - Patterns [/webjars/**, /**, /imgs/**, /logs/**] in 'resourceHandlerMapping'
[2024-04-03 10:08:01:916286][restartedMain] DEBUG o.s.w.s.m.m.a.RequestMappingHandlerAdapter - ControllerAdvice beans: 0 @ModelAttribute, 0 @InitBinder, 1 RequestBodyAdvice, 1 ResponseBodyAdvice
[2024-04-03 10:08:01:916289][restartedMain] DEBUG o.s.w.s.m.m.a.ExceptionHandlerExceptionResolver - ControllerAdvice beans: 0 @ExceptionHandler, 1 ResponseBodyAdvice
[2024-04-03 10:08:54:969061][http-nio-80-exec-1] INFO  o.s.web.servlet.DispatcherServlet - Initializing Servlet 'dispatcherServlet'
[2024-04-03 10:08:54:969061][http-nio-80-exec-1] DEBUG o.s.web.servlet.DispatcherServlet - Detected StandardServletMultipartResolver
[2024-04-03 10:08:54:969061][http-nio-80-exec-1] DEBUG o.s.web.servlet.DispatcherServlet - Detected AcceptHeaderLocaleResolver
[2024-04-03 10:08:54:969061][http-nio-80-exec-1] DEBUG o.s.web.servlet.DispatcherServlet - Detected FixedThemeResolver
[2024-04-03 10:08:54:969062][http-nio-80-exec-1] DEBUG o.s.web.servlet.DispatcherServlet - Detected org.springframework.web.servlet.view.DefaultRequestToViewNameTranslator@515d14c1
[2024-04-03 10:08:54:969062][http-nio-80-exec-1] DEBUG o.s.web.servlet.DispatcherServlet - Detected org.springframework.web.servlet.support.SessionFlashMapManager@5f9af09a
[2024-04-03 10:08:54:969062][http-nio-80-exec-1] DEBUG o.s.web.servlet.DispatcherServlet - enableLoggingRequestDetails='false': request parameters and headers will be masked to prevent unsafe logging of potentially sensitive data
[2024-04-03 10:08:54:969062][http-nio-80-exec-1] INFO  o.s.web.servlet.DispatcherServlet - Completed initialization in 1 ms
[2024-04-03 10:08:54:969062][http-nio-80-exec-1] DEBUG o.s.web.servlet.DispatcherServlet - POST "/registerimpl", parameters={masked}
[2024-04-03 10:08:54:969062][http-nio-80-exec-1] DEBUG o.s.w.s.m.m.a.RequestMappingHandlerMapping - Mapped to com.hana.controller.MainController#registerimpl(Model, CustDto, HttpSession)
[2024-04-03 10:08:54:969301][http-nio-80-exec-1] DEBUG o.s.w.s.v.ContentNegotiatingViewResolver - Selected 'text/html' given [text/html, application/xhtml+xml, image/avif, image/webp, image/apng, application/xml;q=0.9, */*;q=0.8, application/signed-exchange;v=b3;q=0.7]
[2024-04-03 10:08:54:969302][http-nio-80-exec-1] DEBUG o.s.web.servlet.view.JstlView - View name 'index', model {custDto=CustDto(id=ww, pwd=ww, name=ww), org.springframework.validation.BindingResult.custDto=org.springframework.validation.BeanPropertyBindingResult: 0 errors}
[2024-04-03 10:08:54:969302][http-nio-80-exec-1] DEBUG o.s.web.servlet.view.JstlView - Forwarding to [/views/index.jsp]
[2024-04-03 10:08:54:969444][http-nio-80-exec-1] DEBUG o.s.web.servlet.DispatcherServlet - Completed 200 OK
[2024-04-03 10:08:54:969454][http-nio-80-exec-2] DEBUG o.s.web.servlet.DispatcherServlet - GET "/js/0327.js", parameters={}
[2024-04-03 10:08:54:969455][http-nio-80-exec-2] DEBUG o.s.w.s.h.SimpleUrlHandlerMapping - Mapped to ResourceHttpRequestHandler [classpath [META-INF/resources/], classpath [resources/], classpath [static/], classpath [public/], ServletContext [/]]
[2024-04-03 10:08:54:969456][http-nio-80-exec-2] DEBUG o.s.web.servlet.DispatcherServlet - Completed 200 OK
[2024-04-03 10:08:56:970963][http-nio-80-exec-3] DEBUG o.s.web.servlet.DispatcherServlet - GET "/logout", parameters={}
[2024-04-03 10:08:56:970964][http-nio-80-exec-3] DEBUG o.s.w.s.m.m.a.RequestMappingHandlerMapping - Mapped to com.hana.controller.MainController#logout(Model, HttpSession)
[2024-04-03 10:08:56:970964][http-nio-80-exec-3] DEBUG o.s.w.s.v.ContentNegotiatingViewResolver - Selected 'text/html' given [text/html, application/xhtml+xml, image/avif, image/webp, image/apng, application/xml;q=0.9, */*;q=0.8, application/signed-exchange;v=b3;q=0.7]
[2024-04-03 10:08:56:970965][http-nio-80-exec-3] DEBUG o.s.web.servlet.view.JstlView - View name 'index', model {}
[2024-04-03 10:08:56:970965][http-nio-80-exec-3] DEBUG o.s.web.servlet.view.JstlView - Forwarding to [/views/index.jsp]
[2024-04-03 10:08:56:970965][http-nio-80-exec-3] DEBUG o.s.web.servlet.DispatcherServlet - Completed 200 OK
[2024-04-03 10:08:56:970976][http-nio-80-exec-4] DEBUG o.s.web.servlet.DispatcherServlet - GET "/js/0327.js", parameters={}
[2024-04-03 10:08:56:970977][http-nio-80-exec-4] DEBUG o.s.w.s.h.SimpleUrlHandlerMapping - Mapped to ResourceHttpRequestHandler [classpath [META-INF/resources/], classpath [resources/], classpath [static/], classpath [public/], ServletContext [/]]
[2024-04-03 10:08:56:970978][http-nio-80-exec-4] DEBUG o.s.web.servlet.DispatcherServlet - Completed 200 OK
[2024-04-03 10:08:57:972420][http-nio-80-exec-5] DEBUG o.s.web.servlet.DispatcherServlet - GET "/register", parameters={}
[2024-04-03 10:08:57:972420][http-nio-80-exec-5] DEBUG o.s.w.s.m.m.a.RequestMappingHandlerMapping - Mapped to com.hana.controller.MainController#register(Model)
[2024-04-03 10:08:57:972421][http-nio-80-exec-5] DEBUG o.s.w.s.v.ContentNegotiatingViewResolver - Selected 'text/html' given [text/html, application/xhtml+xml, image/avif, image/webp, image/apng, application/xml;q=0.9, */*;q=0.8, application/signed-exchange;v=b3;q=0.7]
[2024-04-03 10:08:57:972421][http-nio-80-exec-5] DEBUG o.s.web.servlet.view.JstlView - View name 'index', model {center=register}
[2024-04-03 10:08:57:972421][http-nio-80-exec-5] DEBUG o.s.web.servlet.view.JstlView - Forwarding to [/views/index.jsp]
[2024-04-03 10:08:57:972481][http-nio-80-exec-5] DEBUG o.s.web.servlet.DispatcherServlet - Completed 200 OK
[2024-04-03 10:08:57:972498][http-nio-80-exec-6] DEBUG o.s.web.servlet.DispatcherServlet - GET "/js/0327.js", parameters={}
[2024-04-03 10:08:57:972498][http-nio-80-exec-6] DEBUG o.s.w.s.h.SimpleUrlHandlerMapping - Mapped to ResourceHttpRequestHandler [classpath [META-INF/resources/], classpath [resources/], classpath [static/], classpath [public/], ServletContext [/]]
[2024-04-03 10:08:57:972500][http-nio-80-exec-6] DEBUG o.s.web.servlet.DispatcherServlet - Completed 200 OK
[2024-04-03 10:09:12:986975][http-nio-80-exec-7] DEBUG o.s.web.servlet.DispatcherServlet - POST "/registerimpl", parameters={masked}
[2024-04-03 10:09:12:986975][http-nio-80-exec-7] DEBUG o.s.w.s.m.m.a.RequestMappingHandlerMapping - Mapped to com.hana.controller.MainController#registerimpl(Model, CustDto, HttpSession)
[2024-04-03 10:09:12:986980][http-nio-80-exec-7] DEBUG o.s.w.s.v.ContentNegotiatingViewResolver - Selected 'text/html' given [text/html, application/xhtml+xml, image/avif, image/webp, image/apng, application/xml;q=0.9, */*;q=0.8, application/signed-exchange;v=b3;q=0.7]
[2024-04-03 10:09:12:986980][http-nio-80-exec-7] DEBUG o.s.web.servlet.view.JstlView - View name 'index', model {custDto=CustDto(id=id66, pwd=pwd66, name=dlakftnr), org.springframework.validation.BindingResult.custDto=org.springframework.validation.BeanPropertyBindingResult: 0 errors}
[2024-04-03 10:09:12:986980][http-nio-80-exec-7] DEBUG o.s.web.servlet.view.JstlView - Forwarding to [/views/index.jsp]
[2024-04-03 10:09:12:986980][http-nio-80-exec-7] DEBUG o.s.web.servlet.DispatcherServlet - Completed 200 OK
[2024-04-03 10:09:12:986997][http-nio-80-exec-9] DEBUG o.s.web.servlet.DispatcherServlet - GET "/js/0327.js", parameters={}
[2024-04-03 10:09:12:986997][http-nio-80-exec-9] DEBUG o.s.w.s.h.SimpleUrlHandlerMapping - Mapped to ResourceHttpRequestHandler [classpath [META-INF/resources/], classpath [resources/], classpath [static/], classpath [public/], ServletContext [/]]
[2024-04-03 10:09:12:986999][http-nio-80-exec-9] DEBUG o.s.web.servlet.DispatcherServlet - Completed 200 OK
[2024-04-03 10:11:23:1118316][http-nio-80-exec-1] DEBUG o.s.web.servlet.DispatcherServlet - GET "/logout", parameters={}
[2024-04-03 10:11:23:1118316][http-nio-80-exec-1] DEBUG o.s.w.s.m.m.a.RequestMappingHandlerMapping - Mapped to com.hana.controller.MainController#logout(Model, HttpSession)
[2024-04-03 10:11:23:1118317][http-nio-80-exec-1] DEBUG o.s.w.s.v.ContentNegotiatingViewResolver - Selected 'text/html' given [text/html, application/xhtml+xml, image/avif, image/webp, image/apng, application/xml;q=0.9, */*;q=0.8, application/signed-exchange;v=b3;q=0.7]
[2024-04-03 10:11:23:1118318][http-nio-80-exec-1] DEBUG o.s.web.servlet.view.JstlView - View name 'index', model {}
[2024-04-03 10:11:23:1118318][http-nio-80-exec-1] DEBUG o.s.web.servlet.view.JstlView - Forwarding to [/views/index.jsp]
[2024-04-03 10:11:23:1118322][http-nio-80-exec-1] DEBUG o.s.web.servlet.DispatcherServlet - Completed 200 OK
[2024-04-03 10:11:23:1118334][http-nio-80-exec-2] DEBUG o.s.web.servlet.DispatcherServlet - GET "/js/0327.js", parameters={}
[2024-04-03 10:11:23:1118334][http-nio-80-exec-2] DEBUG o.s.w.s.h.SimpleUrlHandlerMapping - Mapped to ResourceHttpRequestHandler [classpath [META-INF/resources/], classpath [resources/], classpath [static/], classpath [public/], ServletContext [/]]
[2024-04-03 10:11:23:1118336][http-nio-80-exec-2] DEBUG o.s.web.servlet.DispatcherServlet - Completed 200 OK
[2024-04-03 10:13:32:1246928][restartedMain] DEBUG o.s.w.s.m.m.a.RequestMappingHandlerMapping - 38 mappings in 'requestMappingHandlerMapping'
[2024-04-03 10:13:32:1246958][restartedMain] DEBUG o.s.w.s.h.SimpleUrlHandlerMapping - Patterns [/webjars/**, /**, /imgs/**, /logs/**] in 'resourceHandlerMapping'
[2024-04-03 10:13:32:1246965][restartedMain] DEBUG o.s.w.s.m.m.a.RequestMappingHandlerAdapter - ControllerAdvice beans: 0 @ModelAttribute, 0 @InitBinder, 1 RequestBodyAdvice, 1 ResponseBodyAdvice
[2024-04-03 10:13:32:1246972][restartedMain] DEBUG o.s.w.s.m.m.a.ExceptionHandlerExceptionResolver - ControllerAdvice beans: 0 @ExceptionHandler, 1 ResponseBodyAdvice
[2024-04-03 10:13:32:811][main] DEBUG o.s.w.c.s.GenericWebApplicationContext - Refreshing org.springframework.web.context.support.GenericWebApplicationContext@3eba57a7
[2024-04-03 10:13:34:2038][main] DEBUG o.s.w.s.m.m.a.RequestMappingHandlerMapping - 38 mappings in 'requestMappingHandlerMapping'
[2024-04-03 10:13:34:2113][main] DEBUG o.s.w.s.h.SimpleUrlHandlerMapping - Patterns [/webjars/**, /**, /imgs/**, /logs/**] in 'resourceHandlerMapping'
[2024-04-03 10:13:34:2142][main] DEBUG o.s.w.s.m.m.a.RequestMappingHandlerAdapter - ControllerAdvice beans: 0 @ModelAttribute, 0 @InitBinder, 1 RequestBodyAdvice, 1 ResponseBodyAdvice
[2024-04-03 10:13:34:2171][main] DEBUG o.s.w.s.m.m.a.ExceptionHandlerExceptionResolver - ControllerAdvice beans: 0 @ExceptionHandler, 1 ResponseBodyAdvice
[2024-04-03 10:13:35:3414][SpringApplicationShutdownHook] DEBUG o.s.w.c.s.GenericWebApplicationContext - Closing org.springframework.web.context.support.GenericWebApplicationContext@3eba57a7, started on Wed Apr 03 10:13:32 KST 2024
[2024-04-03 10:13:58:741][main] DEBUG o.s.w.c.s.GenericWebApplicationContext - Refreshing org.springframework.web.context.support.GenericWebApplicationContext@3eba57a7
[2024-04-03 10:13:59:1984][main] DEBUG o.s.w.s.m.m.a.RequestMappingHandlerMapping - 38 mappings in 'requestMappingHandlerMapping'
[2024-04-03 10:13:59:2057][main] DEBUG o.s.w.s.h.SimpleUrlHandlerMapping - Patterns [/webjars/**, /**, /imgs/**, /logs/**] in 'resourceHandlerMapping'
[2024-04-03 10:13:59:2079][main] DEBUG o.s.w.s.m.m.a.RequestMappingHandlerAdapter - ControllerAdvice beans: 0 @ModelAttribute, 0 @InitBinder, 1 RequestBodyAdvice, 1 ResponseBodyAdvice
[2024-04-03 10:13:59:2104][main] DEBUG o.s.w.s.m.m.a.ExceptionHandlerExceptionResolver - ControllerAdvice beans: 0 @ExceptionHandler, 1 ResponseBodyAdvice
[2024-04-03 10:14:00:3204][SpringApplicationShutdownHook] DEBUG o.s.w.c.s.GenericWebApplicationContext - Closing org.springframework.web.context.support.GenericWebApplicationContext@3eba57a7, started on Wed Apr 03 10:13:58 KST 2024
[2024-04-03 10:15:41:743][main] DEBUG o.s.w.c.s.GenericWebApplicationContext - Refreshing org.springframework.web.context.support.GenericWebApplicationContext@3eba57a7
[2024-04-03 10:15:43:1835][main] DEBUG o.s.w.s.m.m.a.RequestMappingHandlerMapping - 38 mappings in 'requestMappingHandlerMapping'
[2024-04-03 10:15:43:1910][main] DEBUG o.s.w.s.h.SimpleUrlHandlerMapping - Patterns [/webjars/**, /**, /imgs/**, /logs/**] in 'resourceHandlerMapping'
[2024-04-03 10:15:43:1937][main] DEBUG o.s.w.s.m.m.a.RequestMappingHandlerAdapter - ControllerAdvice beans: 0 @ModelAttribute, 0 @InitBinder, 1 RequestBodyAdvice, 1 ResponseBodyAdvice
[2024-04-03 10:15:43:1962][main] DEBUG o.s.w.s.m.m.a.ExceptionHandlerExceptionResolver - ControllerAdvice beans: 0 @ExceptionHandler, 1 ResponseBodyAdvice
[2024-04-03 10:15:44:3063][SpringApplicationShutdownHook] DEBUG o.s.w.c.s.GenericWebApplicationContext - Closing org.springframework.web.context.support.GenericWebApplicationContext@3eba57a7, started on Wed Apr 03 10:15:41 KST 2024
[2024-04-03 10:17:56:1511519][restartedMain] DEBUG o.s.w.s.m.m.a.RequestMappingHandlerMapping - 38 mappings in 'requestMappingHandlerMapping'
[2024-04-03 10:17:56:1511532][restartedMain] DEBUG o.s.w.s.h.SimpleUrlHandlerMapping - Patterns [/webjars/**, /**, /imgs/**, /logs/**] in 'resourceHandlerMapping'
[2024-04-03 10:17:56:1511537][restartedMain] DEBUG o.s.w.s.m.m.a.RequestMappingHandlerAdapter - ControllerAdvice beans: 0 @ModelAttribute, 0 @InitBinder, 1 RequestBodyAdvice, 1 ResponseBodyAdvice
[2024-04-03 10:17:56:1511540][restartedMain] DEBUG o.s.w.s.m.m.a.ExceptionHandlerExceptionResolver - ControllerAdvice beans: 0 @ExceptionHandler, 1 ResponseBodyAdvice
[2024-04-03 10:17:58:1512790][http-nio-80-exec-1] INFO  o.s.web.servlet.DispatcherServlet - Initializing Servlet 'dispatcherServlet'
[2024-04-03 10:17:58:1512790][http-nio-80-exec-1] DEBUG o.s.web.servlet.DispatcherServlet - Detected StandardServletMultipartResolver
[2024-04-03 10:17:58:1512790][http-nio-80-exec-1] DEBUG o.s.web.servlet.DispatcherServlet - Detected AcceptHeaderLocaleResolver
[2024-04-03 10:17:58:1512791][http-nio-80-exec-1] DEBUG o.s.web.servlet.DispatcherServlet - Detected FixedThemeResolver
[2024-04-03 10:17:58:1512791][http-nio-80-exec-1] DEBUG o.s.web.servlet.DispatcherServlet - Detected org.springframework.web.servlet.view.DefaultRequestToViewNameTranslator@685159d5
[2024-04-03 10:17:58:1512791][http-nio-80-exec-1] DEBUG o.s.web.servlet.DispatcherServlet - Detected org.springframework.web.servlet.support.SessionFlashMapManager@6696aaaf
[2024-04-03 10:17:58:1512791][http-nio-80-exec-1] DEBUG o.s.web.servlet.DispatcherServlet - enableLoggingRequestDetails='false': request parameters and headers will be masked to prevent unsafe logging of potentially sensitive data
[2024-04-03 10:17:58:1512791][http-nio-80-exec-1] INFO  o.s.web.servlet.DispatcherServlet - Completed initialization in 1 ms
[2024-04-03 10:17:58:1512792][http-nio-80-exec-1] DEBUG o.s.web.servlet.DispatcherServlet - GET "/register", parameters={}
[2024-04-03 10:17:58:1512792][http-nio-80-exec-1] DEBUG o.s.w.s.m.m.a.RequestMappingHandlerMapping - Mapped to com.hana.controller.MainController#register(Model)
[2024-04-03 10:17:58:1512793][http-nio-80-exec-1] DEBUG o.s.w.s.v.ContentNegotiatingViewResolver - Selected 'text/html' given [text/html, application/xhtml+xml, image/avif, image/webp, image/apng, application/xml;q=0.9, */*;q=0.8, application/signed-exchange;v=b3;q=0.7]
[2024-04-03 10:17:58:1512794][http-nio-80-exec-1] DEBUG o.s.web.servlet.view.JstlView - View name 'index', model {center=register}
[2024-04-03 10:17:58:1512794][http-nio-80-exec-1] DEBUG o.s.web.servlet.view.JstlView - Forwarding to [/views/index.jsp]
[2024-04-03 10:17:58:1512945][http-nio-80-exec-1] DEBUG o.s.web.servlet.DispatcherServlet - Completed 200 OK
[2024-04-03 10:17:58:1512958][http-nio-80-exec-2] DEBUG o.s.web.servlet.DispatcherServlet - GET "/js/0327.js", parameters={}
[2024-04-03 10:17:58:1512959][http-nio-80-exec-2] DEBUG o.s.w.s.h.SimpleUrlHandlerMapping - Mapped to ResourceHttpRequestHandler [classpath [META-INF/resources/], classpath [resources/], classpath [static/], classpath [public/], ServletContext [/]]
[2024-04-03 10:17:58:1512961][http-nio-80-exec-2] DEBUG o.s.web.servlet.DispatcherServlet - Completed 200 OK
[2024-04-03 10:17:58:1513267][restartedMain] DEBUG o.s.w.s.m.m.a.RequestMappingHandlerMapping - 38 mappings in 'requestMappingHandlerMapping'
[2024-04-03 10:17:58:1513280][restartedMain] DEBUG o.s.w.s.h.SimpleUrlHandlerMapping - Patterns [/webjars/**, /**, /imgs/**, /logs/**] in 'resourceHandlerMapping'
[2024-04-03 10:17:58:1513283][restartedMain] DEBUG o.s.w.s.m.m.a.RequestMappingHandlerAdapter - ControllerAdvice beans: 0 @ModelAttribute, 0 @InitBinder, 1 RequestBodyAdvice, 1 ResponseBodyAdvice
[2024-04-03 10:17:58:1513285][restartedMain] DEBUG o.s.w.s.m.m.a.ExceptionHandlerExceptionResolver - ControllerAdvice beans: 0 @ExceptionHandler, 1 ResponseBodyAdvice
[2024-04-03 10:18:11:1525942][http-nio-80-exec-1] INFO  o.s.web.servlet.DispatcherServlet - Initializing Servlet 'dispatcherServlet'
[2024-04-03 10:18:11:1525942][http-nio-80-exec-1] DEBUG o.s.web.servlet.DispatcherServlet - Detected StandardServletMultipartResolver
[2024-04-03 10:18:11:1525942][http-nio-80-exec-1] DEBUG o.s.web.servlet.DispatcherServlet - Detected AcceptHeaderLocaleResolver
[2024-04-03 10:18:11:1525942][http-nio-80-exec-1] DEBUG o.s.web.servlet.DispatcherServlet - Detected FixedThemeResolver
[2024-04-03 10:18:11:1525942][http-nio-80-exec-1] DEBUG o.s.web.servlet.DispatcherServlet - Detected org.springframework.web.servlet.view.DefaultRequestToViewNameTranslator@121ae0db
[2024-04-03 10:18:11:1525942][http-nio-80-exec-1] DEBUG o.s.web.servlet.DispatcherServlet - Detected org.springframework.web.servlet.support.SessionFlashMapManager@1cdd0ce8
[2024-04-03 10:18:11:1525942][http-nio-80-exec-1] DEBUG o.s.web.servlet.DispatcherServlet - enableLoggingRequestDetails='false': request parameters and headers will be masked to prevent unsafe logging of potentially sensitive data
[2024-04-03 10:18:11:1525942][http-nio-80-exec-1] INFO  o.s.web.servlet.DispatcherServlet - Completed initialization in 0 ms
[2024-04-03 10:18:11:1525942][http-nio-80-exec-1] DEBUG o.s.web.servlet.DispatcherServlet - POST "/registerimpl", parameters={masked}
[2024-04-03 10:18:11:1525942][http-nio-80-exec-1] DEBUG o.s.w.s.m.m.a.RequestMappingHandlerMapping - Mapped to com.hana.controller.MainController#registerimpl(Model, CustDto, HttpSession)
[2024-04-03 10:18:11:1526091][http-nio-80-exec-1] DEBUG o.s.web.servlet.DispatcherServlet - Failed to complete request: java.lang.RuntimeException: org.springframework.dao.DuplicateKeyException: 
### Error updating database.  Cause: java.sql.SQLIntegrityConstraintViolationException: Duplicate entry 'id03' for key 'db_cust.PRIMARY'
### The error may exist in file [C:\hanaspring\sb2\out\production\resources\mapper\custmapper.xml]
### The error may involve com.hana.app.repository.CustRepository.insert-Inline
### The error occurred while setting parameters
### SQL: INSERT INTO db_cust VALUES (?,?,?)
### Cause: java.sql.SQLIntegrityConstraintViolationException: Duplicate entry 'id03' for key 'db_cust.PRIMARY'
; Duplicate entry 'id03' for key 'db_cust.PRIMARY'
[2024-04-03 10:18:11:1526092][http-nio-80-exec-1] DEBUG o.s.web.servlet.DispatcherServlet - "ERROR" dispatch for POST "/error", parameters={masked}
[2024-04-03 10:18:11:1526092][http-nio-80-exec-1] DEBUG o.s.w.s.m.m.a.RequestMappingHandlerMapping - Mapped to org.springframework.boot.autoconfigure.web.servlet.error.BasicErrorController#errorHtml(HttpServletRequest, HttpServletResponse)
[2024-04-03 10:18:11:1526092][http-nio-80-exec-1] DEBUG o.s.w.s.v.ContentNegotiatingViewResolver - Selected 'text/html' given [text/html, text/html;q=0.8]
[2024-04-03 10:18:11:1526092][http-nio-80-exec-1] DEBUG o.s.web.servlet.DispatcherServlet - Exiting from "ERROR" dispatch, status 500
[2024-04-03 10:22:00:1755241][restartedMain] DEBUG o.s.w.s.m.m.a.RequestMappingHandlerMapping - 38 mappings in 'requestMappingHandlerMapping'
[2024-04-03 10:22:00:1755275][restartedMain] DEBUG o.s.w.s.h.SimpleUrlHandlerMapping - Patterns [/webjars/**, /**, /imgs/**, /logs/**] in 'resourceHandlerMapping'
[2024-04-03 10:22:00:1755279][restartedMain] DEBUG o.s.w.s.m.m.a.RequestMappingHandlerAdapter - ControllerAdvice beans: 0 @ModelAttribute, 0 @InitBinder, 1 RequestBodyAdvice, 1 ResponseBodyAdvice
[2024-04-03 10:22:00:1755283][restartedMain] DEBUG o.s.w.s.m.m.a.ExceptionHandlerExceptionResolver - ControllerAdvice beans: 0 @ExceptionHandler, 1 ResponseBodyAdvice
[2024-04-03 10:22:01:1756294][http-nio-80-exec-1] INFO  o.s.web.servlet.DispatcherServlet - Initializing Servlet 'dispatcherServlet'
[2024-04-03 10:22:01:1756294][http-nio-80-exec-1] DEBUG o.s.web.servlet.DispatcherServlet - Detected StandardServletMultipartResolver
[2024-04-03 10:22:01:1756294][http-nio-80-exec-1] DEBUG o.s.web.servlet.DispatcherServlet - Detected AcceptHeaderLocaleResolver
[2024-04-03 10:22:01:1756294][http-nio-80-exec-1] DEBUG o.s.web.servlet.DispatcherServlet - Detected FixedThemeResolver
[2024-04-03 10:22:01:1756294][http-nio-80-exec-1] DEBUG o.s.web.servlet.DispatcherServlet - Detected org.springframework.web.servlet.view.DefaultRequestToViewNameTranslator@ed71696
[2024-04-03 10:22:01:1756294][http-nio-80-exec-1] DEBUG o.s.web.servlet.DispatcherServlet - Detected org.springframework.web.servlet.support.SessionFlashMapManager@10f93c
[2024-04-03 10:22:01:1756294][http-nio-80-exec-1] DEBUG o.s.web.servlet.DispatcherServlet - enableLoggingRequestDetails='false': request parameters and headers will be masked to prevent unsafe logging of potentially sensitive data
[2024-04-03 10:22:01:1756294][http-nio-80-exec-1] INFO  o.s.web.servlet.DispatcherServlet - Completed initialization in 0 ms
[2024-04-03 10:22:01:1756295][http-nio-80-exec-1] DEBUG o.s.web.servlet.DispatcherServlet - GET "/register", parameters={}
[2024-04-03 10:22:01:1756295][http-nio-80-exec-1] DEBUG o.s.w.s.m.m.a.RequestMappingHandlerMapping - Mapped to com.hana.controller.MainController#register(Model)
[2024-04-03 10:22:01:1756296][http-nio-80-exec-1] DEBUG o.s.w.s.v.ContentNegotiatingViewResolver - Selected 'text/html' given [text/html, application/xhtml+xml, image/avif, image/webp, image/apng, application/xml;q=0.9, */*;q=0.8, application/signed-exchange;v=b3;q=0.7]
[2024-04-03 10:22:01:1756296][http-nio-80-exec-1] DEBUG o.s.web.servlet.view.JstlView - View name 'index', model {center=register}
[2024-04-03 10:22:01:1756296][http-nio-80-exec-1] DEBUG o.s.web.servlet.view.JstlView - Forwarding to [/views/index.jsp]
[2024-04-03 10:22:01:1756448][http-nio-80-exec-1] DEBUG o.s.web.servlet.DispatcherServlet - Completed 200 OK
[2024-04-03 10:22:01:1756456][http-nio-80-exec-2] DEBUG o.s.web.servlet.DispatcherServlet - GET "/js/0327.js", parameters={}
[2024-04-03 10:22:01:1756457][http-nio-80-exec-2] DEBUG o.s.w.s.h.SimpleUrlHandlerMapping - Mapped to ResourceHttpRequestHandler [classpath [META-INF/resources/], classpath [resources/], classpath [static/], classpath [public/], ServletContext [/]]
[2024-04-03 10:22:01:1756459][http-nio-80-exec-2] DEBUG o.s.web.servlet.DispatcherServlet - Completed 200 OK
[2024-04-03 10:22:05:1760742][http-nio-80-exec-3] DEBUG o.s.web.servlet.DispatcherServlet - POST "/registerimpl", parameters={masked}
[2024-04-03 10:22:05:1760742][http-nio-80-exec-3] DEBUG o.s.w.s.m.m.a.RequestMappingHandlerMapping - Mapped to com.hana.controller.MainController#registerimpl(Model, CustDto, HttpSession)
[2024-04-03 10:22:06:1760757][http-nio-80-exec-3] DEBUG o.s.w.s.v.ContentNegotiatingViewResolver - Selected 'text/html' given [text/html, application/xhtml+xml, image/avif, image/webp, image/apng, application/xml;q=0.9, */*;q=0.8, application/signed-exchange;v=b3;q=0.7]
[2024-04-03 10:22:06:1760757][http-nio-80-exec-3] DEBUG o.s.web.servlet.view.JstlView - View name 'index', model {custDto=CustDto(id=id03, pwd=fdas, name=fdas), org.springframework.validation.BindingResult.custDto=org.springframework.validation.BeanPropertyBindingResult: 0 errors, center=registerfail}
[2024-04-03 10:22:06:1760757][http-nio-80-exec-3] DEBUG o.s.web.servlet.view.JstlView - Forwarding to [/views/index.jsp]
[2024-04-03 10:22:06:1760792][http-nio-80-exec-3] DEBUG o.s.web.servlet.DispatcherServlet - Completed 200 OK
[2024-04-03 10:22:06:1760804][http-nio-80-exec-4] DEBUG o.s.web.servlet.DispatcherServlet - GET "/js/0327.js", parameters={}
[2024-04-03 10:22:06:1760805][http-nio-80-exec-4] DEBUG o.s.w.s.h.SimpleUrlHandlerMapping - Mapped to ResourceHttpRequestHandler [classpath [META-INF/resources/], classpath [resources/], classpath [static/], classpath [public/], ServletContext [/]]
[2024-04-03 10:22:06:1760806][http-nio-80-exec-4] DEBUG o.s.web.servlet.DispatcherServlet - Completed 200 OK
[2024-04-03 10:29:44:2219035][http-nio-80-exec-7] DEBUG o.s.web.servlet.DispatcherServlet - GET "/register", parameters={}
[2024-04-03 10:29:44:2219036][http-nio-80-exec-7] DEBUG o.s.w.s.m.m.a.RequestMappingHandlerMapping - Mapped to com.hana.controller.MainController#register(Model)
[2024-04-03 10:29:44:2219036][http-nio-80-exec-7] DEBUG o.s.w.s.v.ContentNegotiatingViewResolver - Selected 'text/html' given [text/html, application/xhtml+xml, image/avif, image/webp, image/apng, application/xml;q=0.9, */*;q=0.8, application/signed-exchange;v=b3;q=0.7]
[2024-04-03 10:29:44:2219036][http-nio-80-exec-7] DEBUG o.s.web.servlet.view.JstlView - View name 'index', model {center=register}
[2024-04-03 10:29:44:2219036][http-nio-80-exec-7] DEBUG o.s.web.servlet.view.JstlView - Forwarding to [/views/index.jsp]
[2024-04-03 10:29:44:2219039][http-nio-80-exec-7] DEBUG o.s.web.servlet.DispatcherServlet - Completed 200 OK
[2024-04-03 10:29:44:2219056][http-nio-80-exec-8] DEBUG o.s.web.servlet.DispatcherServlet - GET "/js/0327.js", parameters={}
[2024-04-03 10:29:44:2219057][http-nio-80-exec-8] DEBUG o.s.w.s.h.SimpleUrlHandlerMapping - Mapped to ResourceHttpRequestHandler [classpath [META-INF/resources/], classpath [resources/], classpath [static/], classpath [public/], ServletContext [/]]
[2024-04-03 10:29:44:2219060][http-nio-80-exec-8] DEBUG o.s.web.servlet.DispatcherServlet - Completed 200 OK
[2024-04-03 10:29:45:2220422][http-nio-80-exec-9] DEBUG o.s.web.servlet.DispatcherServlet - GET "/html/", parameters={}
[2024-04-03 10:29:45:2220423][http-nio-80-exec-9] DEBUG o.s.w.s.m.m.a.RequestMappingHandlerMapping - Mapped to com.hana.controller.HtmlController#main(Model)
[2024-04-03 10:29:45:2220425][http-nio-80-exec-9] DEBUG o.s.w.s.v.ContentNegotiatingViewResolver - Selected 'text/html' given [text/html, application/xhtml+xml, image/avif, image/webp, image/apng, application/xml;q=0.9, */*;q=0.8, application/signed-exchange;v=b3;q=0.7]
[2024-04-03 10:29:45:2220425][http-nio-80-exec-9] DEBUG o.s.web.servlet.view.JstlView - View name 'index', model {left=html/left, center=html/center}
[2024-04-03 10:29:45:2220425][http-nio-80-exec-9] DEBUG o.s.web.servlet.view.JstlView - Forwarding to [/views/index.jsp]
[2024-04-03 10:29:45:2220531][http-nio-80-exec-9] DEBUG o.s.web.servlet.DispatcherServlet - Completed 200 OK
[2024-04-03 10:29:45:2220544][http-nio-80-exec-10] DEBUG o.s.web.servlet.DispatcherServlet - GET "/js/0327.js", parameters={}
[2024-04-03 10:29:45:2220545][http-nio-80-exec-10] DEBUG o.s.w.s.h.SimpleUrlHandlerMapping - Mapped to ResourceHttpRequestHandler [classpath [META-INF/resources/], classpath [resources/], classpath [static/], classpath [public/], ServletContext [/]]
[2024-04-03 10:29:45:2220546][http-nio-80-exec-10] DEBUG o.s.web.servlet.DispatcherServlet - Completed 200 OK
[2024-04-03 10:29:46:2221745][restartedMain] DEBUG o.s.w.s.m.m.a.RequestMappingHandlerMapping - 38 mappings in 'requestMappingHandlerMapping'
[2024-04-03 10:29:47:2221757][restartedMain] DEBUG o.s.w.s.h.SimpleUrlHandlerMapping - Patterns [/webjars/**, /**, /imgs/**, /logs/**] in 'resourceHandlerMapping'
[2024-04-03 10:29:47:2221760][restartedMain] DEBUG o.s.w.s.m.m.a.RequestMappingHandlerAdapter - ControllerAdvice beans: 0 @ModelAttribute, 0 @InitBinder, 1 RequestBodyAdvice, 1 ResponseBodyAdvice
[2024-04-03 10:29:47:2221762][restartedMain] DEBUG o.s.w.s.m.m.a.ExceptionHandlerExceptionResolver - ControllerAdvice beans: 0 @ExceptionHandler, 1 ResponseBodyAdvice
[2024-04-03 10:29:47:2222045][http-nio-80-exec-1] INFO  o.s.web.servlet.DispatcherServlet - Initializing Servlet 'dispatcherServlet'
[2024-04-03 10:29:47:2222045][http-nio-80-exec-1] DEBUG o.s.web.servlet.DispatcherServlet - Detected StandardServletMultipartResolver
[2024-04-03 10:29:47:2222045][http-nio-80-exec-1] DEBUG o.s.web.servlet.DispatcherServlet - Detected AcceptHeaderLocaleResolver
[2024-04-03 10:29:47:2222045][http-nio-80-exec-1] DEBUG o.s.web.servlet.DispatcherServlet - Detected FixedThemeResolver
[2024-04-03 10:29:47:2222046][http-nio-80-exec-1] DEBUG o.s.web.servlet.DispatcherServlet - Detected org.springframework.web.servlet.view.DefaultRequestToViewNameTranslator@5f33099a
[2024-04-03 10:29:47:2222046][http-nio-80-exec-1] DEBUG o.s.web.servlet.DispatcherServlet - Detected org.springframework.web.servlet.support.SessionFlashMapManager@51f4ec0c
[2024-04-03 10:29:47:2222046][http-nio-80-exec-1] DEBUG o.s.web.servlet.DispatcherServlet - enableLoggingRequestDetails='false': request parameters and headers will be masked to prevent unsafe logging of potentially sensitive data
[2024-04-03 10:29:47:2222046][http-nio-80-exec-1] INFO  o.s.web.servlet.DispatcherServlet - Completed initialization in 1 ms
[2024-04-03 10:29:47:2222046][http-nio-80-exec-1] DEBUG o.s.web.servlet.DispatcherServlet - GET "/login", parameters={}
[2024-04-03 10:29:47:2222046][http-nio-80-exec-1] DEBUG o.s.w.s.m.m.a.RequestMappingHandlerMapping - Mapped to com.hana.controller.MainController#login(Model)
[2024-04-03 10:29:47:2222048][http-nio-80-exec-1] DEBUG o.s.w.s.v.ContentNegotiatingViewResolver - Selected 'text/html' given [text/html, application/xhtml+xml, image/avif, image/webp, image/apng, application/xml;q=0.9, */*;q=0.8, application/signed-exchange;v=b3;q=0.7]
[2024-04-03 10:29:47:2222048][http-nio-80-exec-1] DEBUG o.s.web.servlet.view.JstlView - View name 'index', model {center=login}
[2024-04-03 10:29:47:2222049][http-nio-80-exec-1] DEBUG o.s.web.servlet.view.JstlView - Forwarding to [/views/index.jsp]
[2024-04-03 10:29:47:2222180][http-nio-80-exec-1] DEBUG o.s.web.servlet.DispatcherServlet - Completed 200 OK
[2024-04-03 10:29:47:2222190][http-nio-80-exec-3] DEBUG o.s.web.servlet.DispatcherServlet - GET "/js/0327.js", parameters={}
[2024-04-03 10:29:47:2222190][http-nio-80-exec-3] DEBUG o.s.w.s.h.SimpleUrlHandlerMapping - Mapped to ResourceHttpRequestHandler [classpath [META-INF/resources/], classpath [resources/], classpath [static/], classpath [public/], ServletContext [/]]
[2024-04-03 10:29:47:2222192][http-nio-80-exec-3] DEBUG o.s.web.servlet.DispatcherServlet - Completed 200 OK
[2024-04-03 10:29:53:2228215][http-nio-80-exec-2] DEBUG o.s.web.servlet.DispatcherServlet - POST "/loginimpl", parameters={masked}
[2024-04-03 10:29:53:2228215][http-nio-80-exec-2] DEBUG o.s.w.s.m.m.a.RequestMappingHandlerMapping - Mapped to com.hana.controller.MainController#loginimpl(Model, String, String, HttpSession)
[2024-04-03 10:29:53:2228245][http-nio-80-exec-2] DEBUG o.s.w.s.v.ContentNegotiatingViewResolver - Selected 'text/html' given [text/html, application/xhtml+xml, image/avif, image/webp, image/apng, application/xml;q=0.9, */*;q=0.8, application/signed-exchange;v=b3;q=0.7]
[2024-04-03 10:29:53:2228246][http-nio-80-exec-2] DEBUG o.s.web.servlet.view.JstlView - View name 'index', model {}
[2024-04-03 10:29:53:2228246][http-nio-80-exec-2] DEBUG o.s.web.servlet.view.JstlView - Forwarding to [/views/index.jsp]
[2024-04-03 10:29:53:2228282][http-nio-80-exec-2] DEBUG o.s.web.servlet.DispatcherServlet - Completed 200 OK
[2024-04-03 10:29:53:2228295][http-nio-80-exec-4] DEBUG o.s.web.servlet.DispatcherServlet - GET "/js/0327.js", parameters={}
[2024-04-03 10:29:53:2228295][http-nio-80-exec-4] DEBUG o.s.w.s.h.SimpleUrlHandlerMapping - Mapped to ResourceHttpRequestHandler [classpath [META-INF/resources/], classpath [resources/], classpath [static/], classpath [public/], ServletContext [/]]
[2024-04-03 10:29:53:2228297][http-nio-80-exec-4] DEBUG o.s.web.servlet.DispatcherServlet - Completed 200 OK
[2024-04-03 10:30:27:2262139][http-nio-80-exec-6] DEBUG o.s.web.servlet.DispatcherServlet - GET "/logout", parameters={}
[2024-04-03 10:30:27:2262140][http-nio-80-exec-6] DEBUG o.s.w.s.m.m.a.RequestMappingHandlerMapping - Mapped to com.hana.controller.MainController#logout(Model, HttpSession)
[2024-04-03 10:30:27:2262141][http-nio-80-exec-6] DEBUG o.s.w.s.v.ContentNegotiatingViewResolver - Selected 'text/html' given [text/html, application/xhtml+xml, image/avif, image/webp, image/apng, application/xml;q=0.9, */*;q=0.8, application/signed-exchange;v=b3;q=0.7]
[2024-04-03 10:30:27:2262141][http-nio-80-exec-6] DEBUG o.s.web.servlet.view.JstlView - View name 'index', model {}
[2024-04-03 10:30:27:2262141][http-nio-80-exec-6] DEBUG o.s.web.servlet.view.JstlView - Forwarding to [/views/index.jsp]
[2024-04-03 10:30:27:2262145][http-nio-80-exec-6] DEBUG o.s.web.servlet.DispatcherServlet - Completed 200 OK
[2024-04-03 10:30:27:2262155][http-nio-80-exec-7] DEBUG o.s.web.servlet.DispatcherServlet - GET "/js/0327.js", parameters={}
[2024-04-03 10:30:27:2262156][http-nio-80-exec-7] DEBUG o.s.w.s.h.SimpleUrlHandlerMapping - Mapped to ResourceHttpRequestHandler [classpath [META-INF/resources/], classpath [resources/], classpath [static/], classpath [public/], ServletContext [/]]
[2024-04-03 10:30:27:2262157][http-nio-80-exec-7] DEBUG o.s.web.servlet.DispatcherServlet - Completed 200 OK
[2024-04-03 10:30:28:2263549][http-nio-80-exec-8] DEBUG o.s.web.servlet.DispatcherServlet - GET "/login", parameters={}
[2024-04-03 10:30:28:2263549][http-nio-80-exec-8] DEBUG o.s.w.s.m.m.a.RequestMappingHandlerMapping - Mapped to com.hana.controller.MainController#login(Model)
[2024-04-03 10:30:28:2263549][http-nio-80-exec-8] DEBUG o.s.w.s.v.ContentNegotiatingViewResolver - Selected 'text/html' given [text/html, application/xhtml+xml, image/avif, image/webp, image/apng, application/xml;q=0.9, */*;q=0.8, application/signed-exchange;v=b3;q=0.7]
[2024-04-03 10:30:28:2263549][http-nio-80-exec-8] DEBUG o.s.web.servlet.view.JstlView - View name 'index', model {center=login}
[2024-04-03 10:30:28:2263550][http-nio-80-exec-8] DEBUG o.s.web.servlet.view.JstlView - Forwarding to [/views/index.jsp]
[2024-04-03 10:30:28:2263551][http-nio-80-exec-8] DEBUG o.s.web.servlet.DispatcherServlet - Completed 200 OK
[2024-04-03 10:30:28:2263566][http-nio-80-exec-9] DEBUG o.s.web.servlet.DispatcherServlet - GET "/js/0327.js", parameters={}
[2024-04-03 10:30:28:2263566][http-nio-80-exec-9] DEBUG o.s.w.s.h.SimpleUrlHandlerMapping - Mapped to ResourceHttpRequestHandler [classpath [META-INF/resources/], classpath [resources/], classpath [static/], classpath [public/], ServletContext [/]]
[2024-04-03 10:30:28:2263567][http-nio-80-exec-9] DEBUG o.s.web.servlet.DispatcherServlet - Completed 200 OK
[2024-04-03 10:30:33:2267807][http-nio-80-exec-5] DEBUG o.s.web.servlet.DispatcherServlet - POST "/loginimpl", parameters={masked}
[2024-04-03 10:30:33:2267807][http-nio-80-exec-5] DEBUG o.s.w.s.m.m.a.RequestMappingHandlerMapping - Mapped to com.hana.controller.MainController#loginimpl(Model, String, String, HttpSession)
[2024-04-03 10:30:33:2267811][http-nio-80-exec-5] DEBUG o.s.w.s.v.ContentNegotiatingViewResolver - Selected 'text/html' given [text/html, application/xhtml+xml, image/avif, image/webp, image/apng, application/xml;q=0.9, */*;q=0.8, application/signed-exchange;v=b3;q=0.7]
[2024-04-03 10:30:33:2267811][http-nio-80-exec-5] DEBUG o.s.web.servlet.view.JstlView - View name 'index', model {center=loginfail}
[2024-04-03 10:30:33:2267811][http-nio-80-exec-5] DEBUG o.s.web.servlet.view.JstlView - Forwarding to [/views/index.jsp]
[2024-04-03 10:30:33:2267849][http-nio-80-exec-5] DEBUG o.s.web.servlet.DispatcherServlet - Completed 200 OK
[2024-04-03 10:30:33:2267863][http-nio-80-exec-10] DEBUG o.s.web.servlet.DispatcherServlet - GET "/js/0327.js", parameters={}
[2024-04-03 10:30:33:2267863][http-nio-80-exec-10] DEBUG o.s.w.s.h.SimpleUrlHandlerMapping - Mapped to ResourceHttpRequestHandler [classpath [META-INF/resources/], classpath [resources/], classpath [static/], classpath [public/], ServletContext [/]]
[2024-04-03 10:30:33:2267865][http-nio-80-exec-10] DEBUG o.s.web.servlet.DispatcherServlet - Completed 200 OK
[2024-04-03 10:30:37:2272067][http-nio-80-exec-1] DEBUG o.s.web.servlet.DispatcherServlet - GET "/login", parameters={}
[2024-04-03 10:30:37:2272067][http-nio-80-exec-1] DEBUG o.s.w.s.m.m.a.RequestMappingHandlerMapping - Mapped to com.hana.controller.MainController#login(Model)
[2024-04-03 10:30:37:2272068][http-nio-80-exec-1] DEBUG o.s.w.s.v.ContentNegotiatingViewResolver - Selected 'text/html' given [text/html, application/xhtml+xml, image/avif, image/webp, image/apng, application/xml;q=0.9, */*;q=0.8, application/signed-exchange;v=b3;q=0.7]
[2024-04-03 10:30:37:2272068][http-nio-80-exec-1] DEBUG o.s.web.servlet.view.JstlView - View name 'index', model {center=login}
[2024-04-03 10:30:37:2272068][http-nio-80-exec-1] DEBUG o.s.web.servlet.view.JstlView - Forwarding to [/views/index.jsp]
[2024-04-03 10:30:37:2272070][http-nio-80-exec-1] DEBUG o.s.web.servlet.DispatcherServlet - Completed 200 OK
[2024-04-03 10:30:37:2272082][http-nio-80-exec-3] DEBUG o.s.web.servlet.DispatcherServlet - GET "/js/0327.js", parameters={}
[2024-04-03 10:30:37:2272083][http-nio-80-exec-3] DEBUG o.s.w.s.h.SimpleUrlHandlerMapping - Mapped to ResourceHttpRequestHandler [classpath [META-INF/resources/], classpath [resources/], classpath [static/], classpath [public/], ServletContext [/]]
[2024-04-03 10:30:37:2272083][http-nio-80-exec-3] DEBUG o.s.web.servlet.DispatcherServlet - Completed 200 OK
[2024-04-03 10:30:41:2275799][http-nio-80-exec-2] DEBUG o.s.web.servlet.DispatcherServlet - POST "/loginimpl", parameters={masked}
[2024-04-03 10:30:41:2275800][http-nio-80-exec-2] DEBUG o.s.w.s.m.m.a.RequestMappingHandlerMapping - Mapped to com.hana.controller.MainController#loginimpl(Model, String, String, HttpSession)
[2024-04-03 10:30:41:2275802][http-nio-80-exec-2] DEBUG o.s.w.s.v.ContentNegotiatingViewResolver - Selected 'text/html' given [text/html, application/xhtml+xml, image/avif, image/webp, image/apng, application/xml;q=0.9, */*;q=0.8, application/signed-exchange;v=b3;q=0.7]
[2024-04-03 10:30:41:2275802][http-nio-80-exec-2] DEBUG o.s.web.servlet.view.JstlView - View name 'index', model {center=loginfail}
[2024-04-03 10:30:41:2275802][http-nio-80-exec-2] DEBUG o.s.web.servlet.view.JstlView - Forwarding to [/views/index.jsp]
[2024-04-03 10:30:41:2275803][http-nio-80-exec-2] DEBUG o.s.web.servlet.DispatcherServlet - Completed 200 OK
[2024-04-03 10:30:41:2275815][http-nio-80-exec-4] DEBUG o.s.web.servlet.DispatcherServlet - GET "/js/0327.js", parameters={}
[2024-04-03 10:30:41:2275816][http-nio-80-exec-4] DEBUG o.s.w.s.h.SimpleUrlHandlerMapping - Mapped to ResourceHttpRequestHandler [classpath [META-INF/resources/], classpath [resources/], classpath [static/], classpath [public/], ServletContext [/]]
[2024-04-03 10:30:41:2275817][http-nio-80-exec-4] DEBUG o.s.web.servlet.DispatcherServlet - Completed 200 OK
[2024-04-03 10:32:33:2388568][http-nio-80-exec-8] DEBUG o.s.web.servlet.DispatcherServlet - GET "/html/", parameters={}
[2024-04-03 10:32:33:2388568][http-nio-80-exec-8] DEBUG o.s.w.s.m.m.a.RequestMappingHandlerMapping - Mapped to com.hana.controller.HtmlController#main(Model)
[2024-04-03 10:32:33:2388569][http-nio-80-exec-8] DEBUG o.s.w.s.v.ContentNegotiatingViewResolver - Selected 'text/html' given [text/html, application/xhtml+xml, image/avif, image/webp, image/apng, application/xml;q=0.9, */*;q=0.8, application/signed-exchange;v=b3;q=0.7]
[2024-04-03 10:32:33:2388570][http-nio-80-exec-8] DEBUG o.s.web.servlet.view.JstlView - View name 'index', model {left=html/left, center=html/center}
[2024-04-03 10:32:33:2388570][http-nio-80-exec-8] DEBUG o.s.web.servlet.view.JstlView - Forwarding to [/views/index.jsp]
[2024-04-03 10:32:33:2388693][http-nio-80-exec-8] DEBUG o.s.web.servlet.DispatcherServlet - Completed 200 OK
[2024-04-03 10:32:33:2388704][http-nio-80-exec-9] DEBUG o.s.web.servlet.DispatcherServlet - GET "/js/0327.js", parameters={}
[2024-04-03 10:32:33:2388704][http-nio-80-exec-9] DEBUG o.s.w.s.h.SimpleUrlHandlerMapping - Mapped to ResourceHttpRequestHandler [classpath [META-INF/resources/], classpath [resources/], classpath [static/], classpath [public/], ServletContext [/]]
[2024-04-03 10:32:33:2388705][http-nio-80-exec-9] DEBUG o.s.web.servlet.DispatcherServlet - Completed 200 OK
[2024-04-03 10:32:37:2392191][http-nio-80-exec-5] DEBUG o.s.web.servlet.DispatcherServlet - GET "/html/html3", parameters={}
[2024-04-03 10:32:37:2392191][http-nio-80-exec-5] DEBUG o.s.w.s.m.m.a.RequestMappingHandlerMapping - Mapped to com.hana.controller.HtmlController#html3(Model)
[2024-04-03 10:32:37:2392192][http-nio-80-exec-5] DEBUG o.s.w.s.v.ContentNegotiatingViewResolver - Selected 'text/html' given [text/html, application/xhtml+xml, image/avif, image/webp, image/apng, application/xml;q=0.9, */*;q=0.8, application/signed-exchange;v=b3;q=0.7]
[2024-04-03 10:32:37:2392192][http-nio-80-exec-5] DEBUG o.s.web.servlet.view.JstlView - View name 'index', model {custs=[CustDto(id=id01, pwd=pwd01, name=james), CustDto(id=id02, pwd=pwd01, name=james), CustDto(id=id03, pwd=pwd01, name=james), CustDto(id=id04, pwd=pwd01, name=james), CustDto(id=id05, pwd=pwd01, name=james)], left=html/left, center=html/html3}
[2024-04-03 10:32:37:2392192][http-nio-80-exec-5] DEBUG o.s.web.servlet.view.JstlView - Forwarding to [/views/index.jsp]
[2024-04-03 10:32:37:2392310][http-nio-80-exec-5] DEBUG o.s.web.servlet.DispatcherServlet - Completed 200 OK
[2024-04-03 10:32:37:2392320][http-nio-80-exec-10] DEBUG o.s.web.servlet.DispatcherServlet - GET "/js/0327.js", parameters={}
[2024-04-03 10:32:37:2392323][http-nio-80-exec-10] DEBUG o.s.w.s.h.SimpleUrlHandlerMapping - Mapped to ResourceHttpRequestHandler [classpath [META-INF/resources/], classpath [resources/], classpath [static/], classpath [public/], ServletContext [/]]
[2024-04-03 10:32:37:2392324][http-nio-80-exec-10] DEBUG o.s.web.servlet.DispatcherServlet - Completed 200 OK
[2024-04-03 10:38:08:2723579][restartedMain] DEBUG o.s.w.s.m.m.a.RequestMappingHandlerMapping - 38 mappings in 'requestMappingHandlerMapping'
[2024-04-03 10:38:08:2723594][restartedMain] DEBUG o.s.w.s.h.SimpleUrlHandlerMapping - Patterns [/webjars/**, /**, /imgs/**, /logs/**] in 'resourceHandlerMapping'
[2024-04-03 10:38:08:2723598][restartedMain] DEBUG o.s.w.s.m.m.a.RequestMappingHandlerAdapter - ControllerAdvice beans: 0 @ModelAttribute, 0 @InitBinder, 1 RequestBodyAdvice, 1 ResponseBodyAdvice
[2024-04-03 10:38:08:2723604][restartedMain] DEBUG o.s.w.s.m.m.a.ExceptionHandlerExceptionResolver - ControllerAdvice beans: 0 @ExceptionHandler, 1 ResponseBodyAdvice
[2024-04-03 10:38:09:2724415][http-nio-80-exec-2] INFO  o.s.web.servlet.DispatcherServlet - Initializing Servlet 'dispatcherServlet'
[2024-04-03 10:38:09:2724415][http-nio-80-exec-2] DEBUG o.s.web.servlet.DispatcherServlet - Detected StandardServletMultipartResolver
[2024-04-03 10:38:09:2724415][http-nio-80-exec-2] DEBUG o.s.web.servlet.DispatcherServlet - Detected AcceptHeaderLocaleResolver
[2024-04-03 10:38:09:2724415][http-nio-80-exec-2] DEBUG o.s.web.servlet.DispatcherServlet - Detected FixedThemeResolver
[2024-04-03 10:38:09:2724415][http-nio-80-exec-2] DEBUG o.s.web.servlet.DispatcherServlet - Detected org.springframework.web.servlet.view.DefaultRequestToViewNameTranslator@77bc6d60
[2024-04-03 10:38:09:2724415][http-nio-80-exec-2] DEBUG o.s.web.servlet.DispatcherServlet - Detected org.springframework.web.servlet.support.SessionFlashMapManager@797b9de7
[2024-04-03 10:38:09:2724415][http-nio-80-exec-2] DEBUG o.s.web.servlet.DispatcherServlet - enableLoggingRequestDetails='false': request parameters and headers will be masked to prevent unsafe logging of potentially sensitive data
[2024-04-03 10:38:09:2724415][http-nio-80-exec-2] INFO  o.s.web.servlet.DispatcherServlet - Completed initialization in 0 ms
[2024-04-03 10:38:09:2724416][http-nio-80-exec-2] DEBUG o.s.web.servlet.DispatcherServlet - GET "/html/", parameters={}
[2024-04-03 10:38:09:2724417][http-nio-80-exec-2] DEBUG o.s.w.s.m.m.a.RequestMappingHandlerMapping - Mapped to com.hana.controller.HtmlController#main(Model)
[2024-04-03 10:38:09:2724418][http-nio-80-exec-2] DEBUG o.s.w.s.v.ContentNegotiatingViewResolver - Selected 'text/html' given [text/html, application/xhtml+xml, image/avif, image/webp, image/apng, application/xml;q=0.9, */*;q=0.8, application/signed-exchange;v=b3;q=0.7]
[2024-04-03 10:38:09:2724419][http-nio-80-exec-2] DEBUG o.s.web.servlet.view.JstlView - View name 'index', model {left=html/left, center=html/center}
[2024-04-03 10:38:09:2724419][http-nio-80-exec-2] DEBUG o.s.web.servlet.view.JstlView - Forwarding to [/views/index.jsp]
[2024-04-03 10:38:09:2724551][http-nio-80-exec-2] DEBUG o.s.web.servlet.DispatcherServlet - Completed 200 OK
[2024-04-03 10:38:09:2724562][http-nio-80-exec-4] DEBUG o.s.web.servlet.DispatcherServlet - GET "/js/0327.js", parameters={}
[2024-04-03 10:38:09:2724562][http-nio-80-exec-4] DEBUG o.s.w.s.h.SimpleUrlHandlerMapping - Mapped to ResourceHttpRequestHandler [classpath [META-INF/resources/], classpath [resources/], classpath [static/], classpath [public/], ServletContext [/]]
[2024-04-03 10:38:09:2724564][http-nio-80-exec-4] DEBUG o.s.web.servlet.DispatcherServlet - Completed 200 OK
[2024-04-03 10:38:10:2725255][http-nio-80-exec-1] DEBUG o.s.web.servlet.DispatcherServlet - GET "/html/html3", parameters={}
[2024-04-03 10:38:10:2725255][http-nio-80-exec-1] DEBUG o.s.w.s.m.m.a.RequestMappingHandlerMapping - Mapped to com.hana.controller.HtmlController#html3(Model)
[2024-04-03 10:38:10:2725269][http-nio-80-exec-1] DEBUG o.s.w.s.v.ContentNegotiatingViewResolver - Selected 'text/html' given [text/html, application/xhtml+xml, image/avif, image/webp, image/apng, application/xml;q=0.9, */*;q=0.8, application/signed-exchange;v=b3;q=0.7]
[2024-04-03 10:38:10:2725271][http-nio-80-exec-1] DEBUG o.s.web.servlet.view.JstlView - View name 'index', model {custs=[CustDto(id=id03, pwd=pwd03, name=), CustDto(id=id04, pwd=pwd04, name=james), CustDto(id=id66, pwd=pwd66, name=dlakftnr), CustDto(id=id75, pwd=pwd75, name=), CustDto(id=id76, pwd=pwd76, name=), CustDto(id=id77, pwd=pwd77, name=), CustDto(id=id98, pwd=pwd98, name=james), CustDto(id=id99, pwd=pwd99, name=james), CustDto(id=ww, pwd=ww, name=ww)], left=html/left, center=html/html3}
[2024-04-03 10:38:10:2725271][http-nio-80-exec-1] DEBUG o.s.web.servlet.view.JstlView - Forwarding to [/views/index.jsp]
[2024-04-03 10:38:10:2725314][http-nio-80-exec-1] DEBUG o.s.web.servlet.DispatcherServlet - Completed 200 OK
[2024-04-03 10:38:10:2725326][http-nio-80-exec-3] DEBUG o.s.web.servlet.DispatcherServlet - GET "/js/0327.js", parameters={}
[2024-04-03 10:38:10:2725326][http-nio-80-exec-3] DEBUG o.s.w.s.h.SimpleUrlHandlerMapping - Mapped to ResourceHttpRequestHandler [classpath [META-INF/resources/], classpath [resources/], classpath [static/], classpath [public/], ServletContext [/]]
[2024-04-03 10:38:10:2725328][http-nio-80-exec-3] DEBUG o.s.web.servlet.DispatcherServlet - Completed 200 OK
[2024-04-03 10:49:19:3394682][http-nio-80-exec-8] DEBUG o.s.web.servlet.DispatcherServlet - GET "/login", parameters={}
[2024-04-03 10:49:19:3394682][http-nio-80-exec-8] DEBUG o.s.w.s.m.m.a.RequestMappingHandlerMapping - Mapped to com.hana.controller.MainController#login(Model)
[2024-04-03 10:49:19:3394683][http-nio-80-exec-8] DEBUG o.s.w.s.v.ContentNegotiatingViewResolver - Selected 'text/html' given [text/html, application/xhtml+xml, image/avif, image/webp, image/apng, application/xml;q=0.9, */*;q=0.8, application/signed-exchange;v=b3;q=0.7]
[2024-04-03 10:49:19:3394683][http-nio-80-exec-8] DEBUG o.s.web.servlet.view.JstlView - View name 'index', model {center=login}
[2024-04-03 10:49:19:3394683][http-nio-80-exec-8] DEBUG o.s.web.servlet.view.JstlView - Forwarding to [/views/index.jsp]
[2024-04-03 10:49:20:3394789][http-nio-80-exec-8] DEBUG o.s.web.servlet.DispatcherServlet - Completed 200 OK
[2024-04-03 10:49:20:3394803][http-nio-80-exec-6] DEBUG o.s.web.servlet.DispatcherServlet - GET "/js/0327.js", parameters={}
[2024-04-03 10:49:20:3394803][http-nio-80-exec-6] DEBUG o.s.w.s.h.SimpleUrlHandlerMapping - Mapped to ResourceHttpRequestHandler [classpath [META-INF/resources/], classpath [resources/], classpath [static/], classpath [public/], ServletContext [/]]
[2024-04-03 10:49:20:3394805][http-nio-80-exec-6] DEBUG o.s.web.servlet.DispatcherServlet - Completed 200 OK
[2024-04-03 10:49:25:3399832][http-nio-80-exec-9] DEBUG o.s.web.servlet.DispatcherServlet - POST "/loginimpl", parameters={masked}
[2024-04-03 10:49:25:3399832][http-nio-80-exec-9] DEBUG o.s.w.s.m.m.a.RequestMappingHandlerMapping - Mapped to com.hana.controller.MainController#loginimpl(Model, String, String, HttpSession)
[2024-04-03 10:49:25:3399838][http-nio-80-exec-9] DEBUG o.s.w.s.v.ContentNegotiatingViewResolver - Selected 'text/html' given [text/html, application/xhtml+xml, image/avif, image/webp, image/apng, application/xml;q=0.9, */*;q=0.8, application/signed-exchange;v=b3;q=0.7]
[2024-04-03 10:49:25:3399838][http-nio-80-exec-9] DEBUG o.s.web.servlet.view.JstlView - View name 'index', model {}
[2024-04-03 10:49:25:3399838][http-nio-80-exec-9] DEBUG o.s.web.servlet.view.JstlView - Forwarding to [/views/index.jsp]
[2024-04-03 10:49:25:3399880][http-nio-80-exec-9] DEBUG o.s.web.servlet.DispatcherServlet - Completed 200 OK
[2024-04-03 10:49:25:3399903][http-nio-80-exec-10] DEBUG o.s.web.servlet.DispatcherServlet - GET "/js/0327.js", parameters={}
[2024-04-03 10:49:25:3399903][http-nio-80-exec-10] DEBUG o.s.w.s.h.SimpleUrlHandlerMapping - Mapped to ResourceHttpRequestHandler [classpath [META-INF/resources/], classpath [resources/], classpath [static/], classpath [public/], ServletContext [/]]
[2024-04-03 10:49:25:3399905][http-nio-80-exec-10] DEBUG o.s.web.servlet.DispatcherServlet - Completed 200 OK
